[2026-07-23 11:24:10] utt#0 lang=en conf=97% delay=2964ms [Candidate] text="Hello."
[2026-07-23 11:24:12] utt#0 lang=en conf=95% delay=4229ms [Forced Final] text="Hello."
[2026-07-23 11:24:19] utt#1 lang=en conf=94% delay=2878ms [Candidate] text="I want to speak Malayalam."
[2026-07-23 11:24:21] utt#1 lang=en conf=95% delay=4194ms [Forced Final] text="I want to speak Malayalam."
[2026-07-23 11:24:33] utt#2 lang=ml conf=98% delay=2130ms [Candidate] text="എനിക്ക് ജൂൺ ട്വൽത്തിനൊരു ഹോട്ടൽ അപ്പോയിൻമെൻറ് ബുക്ക് ചെയ്യണമെന്നുണ്ടായിരുന്നു"
[2026-07-23 11:24:51] utt#3 lang=ml conf=100% delay=1840ms [Candidate] text="അതിനായിട്ടുള്ള പ്രൊസീജിയേഴസ് എന്താണ് എന്ന് അറിയൻ അറിയണമെന്നുണ്ടായിരുന്നു"
[2026-07-23 11:25:01] utt#4 lang=en conf=91% delay=2884ms [Candidate] text="How can you help me with this?"
[2026-07-23 11:25:03] utt#4 lang=en conf=92% delay=4301ms [Forced Final] text="How can you help me with this?"
[2026-07-23 11:25:18] utt#5 lang=ml conf=70% delay=1717ms [Candidate] text="താങ്കളുടെ പേരെന്താണ്"
[2026-07-23 11:25:35] utt#6 lang=en conf=75% delay=2837ms [Candidate] text="can I test this model?"
[2026-07-23 11:25:37] utt#6 lang=en conf=96% delay=4209ms [Forced Final] text="How can I test this model correctly?"
[2026-07-23 15:23:42] utt#0 lang=en conf=52% delay=1416ms [Candidate] text="Hello, hello, what is your name?"
[2026-07-23 15:23:51] utt#1 lang=en conf=98% delay=3431ms [Forced Final] text="I'm going to put it on the side."
[2026-07-23 15:24:00] utt#2 lang=ml conf=97% delay=1105ms [Candidate] text="എടുല്ല കുപ്പി എടുത്തി"
[2026-07-23 15:24:01] utt#2 lang=ml conf=86% delay=1084ms [Candidate] text="എടുത്തില്ല കുപ്പിയെടുത്തില്ല"
[2026-07-23 15:24:03] utt#2 lang=ml conf=95% delay=1146ms [Candidate] text="എടുത്തില്ല കുപ്പിയ എടുത്തില്ല ഇല്ല"
[2026-07-23 15:24:45] utt#3 lang=en conf=90% delay=1324ms [Candidate] text="I would like to make an appointment."
[2026-07-23 16:07:48] utt#1 lang=en conf=88% delay=1215ms [Candidate] text="Hello."
[2026-07-23 16:08:20] utt#2 lang=en conf=95% delay=1220ms [Candidate] text="The output"
[2026-07-23 16:08:27] utt#3 lang=en conf=74% delay=2014ms [Candidate] text="Very real."
[2026-07-23 16:23:55] utt#4 lang=hi conf=40% delay=1116ms [Candidate] text="हलो हेलो"
[2026-07-23 16:26:35] utt#0 lang=en conf=30% delay=1327ms [Candidate] text="which is the capital of India."
[2026-07-23 16:27:09] utt#1 lang=en conf=65% delay=1357ms [Candidate] text="Hello, how are you? Hello?"
[2026-07-23 16:36:32] utt#0 lang=te conf=72% delay=1182ms [Candidate] text="హలో హలో వాట్ ఈస్ యుర్ నంగ్"
[2026-07-23 16:36:41] utt#1 lang=en conf=87% delay=1223ms [Candidate] text="Hello."
[2026-07-23 16:39:31] utt#3 lang=en conf=98% delay=1344ms [Candidate] text="Thank you very much."
[2026-07-23 16:39:36] utt#3 lang=en conf=91% delay=4681ms [Candidate] text="Can I do it?  Can I play it?"
[2026-07-23 16:39:42] utt#3 lang=en conf=88% delay=9235ms [Forced Final] text="What did you want?  A template.  What do you do?"
[2026-07-23 16:39:43] utt#4 lang=en conf=33% delay=1487ms [Candidate] text="Can you see that in my phone?  Can you see that in my phone?  Can you see that in my phone?"
[2026-07-23 16:39:49] utt#5 lang=en conf=85% delay=2444ms [Candidate] text="I don't know if you're interested in it."
[2026-07-23 16:39:52] utt#5 lang=en conf=88% delay=1375ms [Candidate] text="I don't know if I can hear it or not, but I don't know if I can hear it or not."
[2026-07-23 16:39:57] utt#5 lang=en conf=80% delay=4516ms [Candidate] text="I am making the best of it.  I am making the best of the it.  I am making the best of the it.  Ideally..."
[2026-07-23 16:40:02] utt#5 lang=en conf=76% delay=7603ms [Candidate] text="we are going to keep going.  We will do the work in this way."
[2026-07-23 16:40:27] utt#6 lang=en conf=100% delay=2034ms [Candidate] text="Here we go."
[2026-07-23 16:40:29] utt#6 lang=ml conf=99% delay=1045ms [Candidate] text="ആ എല്ലെല്ലാം സജയണ്ട്"
